             
        ----------- Debug (2018-03-07 13:46:34.7455) ------- 
 Call Site: GH.Core.BlueCode.DataAccess.MongoDBConnection.get_Database
 Exception Type: 
 Exception Message: 
 Stack Trace: 
 Additional Info: Connect MongoDB 
 Inner Exception: 
             
        ----------- Debug (2018-03-07 13:47:03.5344) ------- 
 Call Site: GH.Core.Services.AdminService.syncaccount
 Exception Type: 
 Exception Message: 
 Stack Trace: 
 Additional Info: Synced data: UpdateViewPreference
 Inner Exception: 
             
        ----------- Debug (2018-03-07 13:47:03.5539) ------- 
 Call Site: GH.Core.Services.AdminService.syncaccount
 Exception Type: 
 Exception Message: 
 Stack Trace: 
 Additional Info: Synced data: UpdateViewPreference
 Inner Exception: 
             
        ----------- Debug (2018-03-07 13:48:21.2204) ------- 
 Call Site: GH.Core.Services.AdminService.syncaccount
 Exception Type: 
 Exception Message: 
 Stack Trace: 
 Additional Info: Synced data: UpdateViewPreference
 Inner Exception: 
             
        ----------- Debug (2018-03-07 13:48:21.2464) ------- 
 Call Site: GH.Core.Services.AdminService.syncaccount
 Exception Type: 
 Exception Message: 
 Stack Trace: 
 Additional Info: Synced data: UpdateViewPreference
 Inner Exception: 
             
        ----------- Debug (2018-03-07 14:01:22.6332) ------- 
 Call Site: GH.Core.Services.AdminService.syncaccount
 Exception Type: 
 Exception Message: 
 Stack Trace: 
 Additional Info: Synced data: FollowBusiness
 Inner Exception: 
             
        ----------- Debug (2018-03-07 14:01:22.6332) ------- 
 Call Site: GH.Core.Services.AdminService.syncaccount
 Exception Type: 
 Exception Message: 
 Stack Trace: 
 Additional Info: Synced data: FollowBusiness
 Inner Exception: 
             
        ----------- Debug (2018-03-07 14:01:23.4003) ------- 
 Call Site: GH.Core.Services.AdminService.syncaccount
 Exception Type: 
 Exception Message: 
 Stack Trace: 
 Additional Info: Synced data: FollowBusiness
 Inner Exception: 
             
        ----------- Debug (2018-03-07 14:01:23.4003) ------- 
 Call Site: GH.Core.Services.AdminService.syncaccount
 Exception Type: 
 Exception Message: 
 Stack Trace: 
 Additional Info: Synced data: FollowBusiness
 Inner Exception: 
             
        ----------- Debug (2018-03-07 14:01:25.5696) ------- 
 Call Site: GH.Core.Services.AdminService.syncaccount
 Exception Type: 
 Exception Message: 
 Stack Trace: 
 Additional Info: Synced data: FollowBusiness
 Inner Exception: 
             
        ----------- Debug (2018-03-07 14:01:25.5696) ------- 
 Call Site: GH.Core.Services.AdminService.syncaccount
 Exception Type: 
 Exception Message: 
 Stack Trace: 
 Additional Info: Synced data: FollowBusiness
 Inner Exception: 
             
        ----------- Debug (2018-03-07 14:01:27.0002) ------- 
 Call Site: GH.Core.Services.AdminService.syncaccount
 Exception Type: 
 Exception Message: 
 Stack Trace: 
 Additional Info: Synced data: FollowBusiness
 Inner Exception: 
             
        ----------- Debug (2018-03-07 14:01:27.0002) ------- 
 Call Site: GH.Core.Services.AdminService.syncaccount
 Exception Type: 
 Exception Message: 
 Stack Trace: 
 Additional Info: Synced data: FollowBusiness
 Inner Exception: 
             
        ----------- Debug (2018-03-07 14:05:51.2293) ------- 
 Call Site: GH.Core.Services.AdminService.syncaccount
 Exception Type: 
 Exception Message: 
 Stack Trace: 
 Additional Info: Synced data: UpdateViewPreference
 Inner Exception: 
             
        ----------- Debug (2018-03-07 14:05:51.7420) ------- 
 Call Site: GH.Core.Services.AdminService.syncaccount
 Exception Type: 
 Exception Message: 
 Stack Trace: 
 Additional Info: Synced data: UpdateViewPreference
 Inner Exception: 
             
        ----------- Debug (2018-03-07 14:14:08.6076) ------- 
 Call Site: GH.Core.Services.AdminService.syncaccount
 Exception Type: 
 Exception Message: 
 Stack Trace: 
 Additional Info: Synced data: UpdateViewPreference
 Inner Exception: 
             
        ----------- Debug (2018-03-07 14:14:08.6236) ------- 
 Call Site: GH.Core.Services.AdminService.syncaccount
 Exception Type: 
 Exception Message: 
 Stack Trace: 
 Additional Info: Synced data: UpdateViewPreference
 Inner Exception: 
             
        ----------- Debug (2018-03-07 14:22:34.9718) ------- 
 Call Site: GH.Core.Services.AdminService.syncaccount
 Exception Type: 
 Exception Message: 
 Stack Trace: 
 Additional Info: Synced data: UpdateViewPreference
 Inner Exception: 
             
        ----------- Debug (2018-03-07 14:22:34.9908) ------- 
 Call Site: GH.Core.Services.AdminService.syncaccount
 Exception Type: 
 Exception Message: 
 Stack Trace: 
 Additional Info: Synced data: UpdateViewPreference
 Inner Exception: 
             
        ----------- Debug (2018-03-07 14:26:36.3935) ------- 
 Call Site: GH.Web.Areas.User.Controllers.BusinessAccountApiController.UpgradePlan
 Exception Type: 
 Exception Message: 
 Stack Trace: 
 Additional Info:    at Stripe.Infrastructure.Requestor.ExecuteRequest(HttpRequestMessage requestMessage)
   at Stripe.Infrastructure.Requestor.PostString(String url, StripeRequestOptions requestOptions)
   at Stripe.StripeChargeService.Create(StripeChargeCreateOptions createOptions, StripeRequestOptions requestOptions)
   at GH.Core.BlueCode.BusinessLogic.Payment.StripePaymentLogic.ProcessPaymentCreditCard(String currency, Decimal price, String description, PaymentCard paymentCard) in E:\Greenhouse-regit-beta\GreenHouse\GH.Core\BlueCode\BusinessLogic\Payment\StripePaymentLogic.cs:line 71
   at GH.Web.Areas.User.Controllers.BusinessAccountApiController.UpgradePlan(HttpRequestMessage request, SubcriptionViewModel subcriptionViewModel) in E:\Greenhouse-regit-beta\GreenHouse\GH.Web\Areas\User\Controllers\BusinessAccountApiController.cs:line 2105
 Inner Exception: 
             
        ----------- Debug (2018-03-07 14:26:48.8803) ------- 
 Call Site: GH.Web.Areas.User.Controllers.BusinessAccountApiController.UpgradePlan
 Exception Type: 
 Exception Message: 
 Stack Trace: 
 Additional Info:    at Stripe.Infrastructure.Requestor.ExecuteRequest(HttpRequestMessage requestMessage)
   at Stripe.Infrastructure.Requestor.PostString(String url, StripeRequestOptions requestOptions)
   at Stripe.StripeChargeService.Create(StripeChargeCreateOptions createOptions, StripeRequestOptions requestOptions)
   at GH.Core.BlueCode.BusinessLogic.Payment.StripePaymentLogic.ProcessPaymentCreditCard(String currency, Decimal price, String description, PaymentCard paymentCard) in E:\Greenhouse-regit-beta\GreenHouse\GH.Core\BlueCode\BusinessLogic\Payment\StripePaymentLogic.cs:line 71
   at GH.Web.Areas.User.Controllers.BusinessAccountApiController.UpgradePlan(HttpRequestMessage request, SubcriptionViewModel subcriptionViewModel) in E:\Greenhouse-regit-beta\GreenHouse\GH.Web\Areas\User\Controllers\BusinessAccountApiController.cs:line 2105
 Inner Exception: 
             
        ----------- Debug (2018-03-07 14:26:56.7718) ------- 
 Call Site: GH.Web.Areas.User.Controllers.BusinessAccountApiController.UpgradePlan
 Exception Type: 
 Exception Message: 
 Stack Trace: 
 Additional Info:    at Stripe.Infrastructure.Requestor.ExecuteRequest(HttpRequestMessage requestMessage)
   at Stripe.Infrastructure.Requestor.PostString(String url, StripeRequestOptions requestOptions)
   at Stripe.StripeChargeService.Create(StripeChargeCreateOptions createOptions, StripeRequestOptions requestOptions)
   at GH.Core.BlueCode.BusinessLogic.Payment.StripePaymentLogic.ProcessPaymentCreditCard(String currency, Decimal price, String description, PaymentCard paymentCard) in E:\Greenhouse-regit-beta\GreenHouse\GH.Core\BlueCode\BusinessLogic\Payment\StripePaymentLogic.cs:line 71
   at GH.Web.Areas.User.Controllers.BusinessAccountApiController.UpgradePlan(HttpRequestMessage request, SubcriptionViewModel subcriptionViewModel) in E:\Greenhouse-regit-beta\GreenHouse\GH.Web\Areas\User\Controllers\BusinessAccountApiController.cs:line 2105
 Inner Exception: 
             
        ----------- Debug (2018-03-07 14:27:13.9849) ------- 
 Call Site: GH.Web.Areas.User.Controllers.BusinessAccountApiController.UpgradePlan
 Exception Type: 
 Exception Message: 
 Stack Trace: 
 Additional Info:    at Stripe.Infrastructure.Requestor.ExecuteRequest(HttpRequestMessage requestMessage)
   at Stripe.Infrastructure.Requestor.PostString(String url, StripeRequestOptions requestOptions)
   at Stripe.StripeChargeService.Create(StripeChargeCreateOptions createOptions, StripeRequestOptions requestOptions)
   at GH.Core.BlueCode.BusinessLogic.Payment.StripePaymentLogic.ProcessPaymentCreditCard(String currency, Decimal price, String description, PaymentCard paymentCard) in E:\Greenhouse-regit-beta\GreenHouse\GH.Core\BlueCode\BusinessLogic\Payment\StripePaymentLogic.cs:line 71
   at GH.Web.Areas.User.Controllers.BusinessAccountApiController.UpgradePlan(HttpRequestMessage request, SubcriptionViewModel subcriptionViewModel) in E:\Greenhouse-regit-beta\GreenHouse\GH.Web\Areas\User\Controllers\BusinessAccountApiController.cs:line 2105
 Inner Exception: 
             
        ----------- Debug (2018-03-07 14:29:10.9558) ------- 
 Call Site: GH.Core.Services.AdminService.syncaccount
 Exception Type: 
 Exception Message: 
 Stack Trace: 
 Additional Info: Synced data: UpdateViewPreference
 Inner Exception: 
             
        ----------- Debug (2018-03-07 14:29:10.9698) ------- 
 Call Site: GH.Core.Services.AdminService.syncaccount
 Exception Type: 
 Exception Message: 
 Stack Trace: 
 Additional Info: Synced data: UpdateViewPreference
 Inner Exception: 
             
        ----------- Debug (2018-03-07 14:29:33.0078) ------- 
 Call Site: GH.Core.Services.AdminService.syncaccount
 Exception Type: 
 Exception Message: 
 Stack Trace: 
 Additional Info: Synced data: UpdateViewPreference
 Inner Exception: 
             
        ----------- Debug (2018-03-07 14:29:33.0309) ------- 
 Call Site: GH.Core.Services.AdminService.syncaccount
 Exception Type: 
 Exception Message: 
 Stack Trace: 
 Additional Info: Synced data: UpdateViewPreference
 Inner Exception: 
             
        ----------- Debug (2018-03-07 14:48:55.2712) ------- 
 Call Site: GH.Core.BlueCode.DataAccess.MongoDBConnection.get_Database
 Exception Type: 
 Exception Message: 
 Stack Trace: 
 Additional Info: Connect MongoDB 
 Inner Exception: 
             
        ----------- Debug (2018-03-07 15:00:39.9734) ------- 
 Call Site: GH.Core.Services.AdminService.syncaccount
 Exception Type: 
 Exception Message: 
 Stack Trace: 
 Additional Info: Synced data: UpdateViewPreference
 Inner Exception: 
             
        ----------- Debug (2018-03-07 15:00:41.1977) ------- 
 Call Site: GH.Core.Services.AdminService.syncaccount
 Exception Type: 
 Exception Message: 
 Stack Trace: 
 Additional Info: Synced data: UpdateViewPreference
 Inner Exception: 
             
        ----------- Debug (2018-03-07 17:58:36.2831) ------- 
 Call Site: GH.Core.BlueCode.DataAccess.MongoDBConnection.get_Database
 Exception Type: 
 Exception Message: 
 Stack Trace: 
 Additional Info: Connect MongoDB 
 Inner Exception: 
             
        ----------- Debug (2018-03-07 17:58:50.4783) ------- 
 Call Site: GH.Core.Services.AdminService.syncaccount
 Exception Type: 
 Exception Message: 
 Stack Trace: 
 Additional Info: Synced data: UpdateViewPreference
 Inner Exception: 
             
        ----------- Debug (2018-03-07 17:58:50.5024) ------- 
 Call Site: GH.Core.Services.AdminService.syncaccount
 Exception Type: 
 Exception Message: 
 Stack Trace: 
 Additional Info: Synced data: UpdateViewPreference
 Inner Exception: 
             
        ----------- Debug (2018-03-07 18:03:20.8753) ------- 
 Call Site: GH.Core.Services.AdminService.syncaccount
 Exception Type: 
 Exception Message: 
 Stack Trace: 
 Additional Info: Synced data: UpdateViewPreference
 Inner Exception: 
             
        ----------- Debug (2018-03-07 18:03:21.3871) ------- 
 Call Site: GH.Core.Services.AdminService.syncaccount
 Exception Type: 
 Exception Message: 
 Stack Trace: 
 Additional Info: Synced data: UpdateViewPreference
 Inner Exception: 
             
        ----------- Debug (2018-03-07 18:03:26.3793) ------- 
 Call Site: GH.Core.Services.AdminService.syncaccount
 Exception Type: 
 Exception Message: 
 Stack Trace: 
 Additional Info: Synced data: UpdateViewPreference
 Inner Exception: 
             
        ----------- Debug (2018-03-07 18:03:26.3963) ------- 
 Call Site: GH.Core.Services.AdminService.syncaccount
 Exception Type: 
 Exception Message: 
 Stack Trace: 
 Additional Info: Synced data: UpdateViewPreference
 Inner Exception: 
             
        ----------- Debug (2018-03-07 18:06:45.1537) ------- 
 Call Site: GH.Core.BlueCode.DataAccess.MongoDBConnection.get_Database
 Exception Type: 
 Exception Message: 
 Stack Trace: 
 Additional Info: Connect MongoDB 
 Inner Exception: 
             
        ----------- Debug (2018-03-07 18:06:58.5130) ------- 
 Call Site: GH.Core.Services.AdminService.syncaccount
 Exception Type: 
 Exception Message: 
 Stack Trace: 
 Additional Info: Synced data: UpdateViewPreference
 Inner Exception: 
             
        ----------- Debug (2018-03-07 18:06:58.5390) ------- 
 Call Site: GH.Core.Services.AdminService.syncaccount
 Exception Type: 
 Exception Message: 
 Stack Trace: 
 Additional Info: Synced data: UpdateViewPreference
 Inner Exception: 
             
        ----------- Debug (2018-03-07 18:44:25.7374) ------- 
 Call Site: GH.Core.Services.AdminService.syncaccount
 Exception Type: 
 Exception Message: 
 Stack Trace: 
 Additional Info: Synced data: UpdateViewPreference
 Inner Exception: 
             
        ----------- Debug (2018-03-07 18:44:25.7614) ------- 
 Call Site: GH.Core.Services.AdminService.syncaccount
 Exception Type: 
 Exception Message: 
 Stack Trace: 
 Additional Info: Synced data: UpdateViewPreference
 Inner Exception: 
             
        ----------- Debug (2018-03-07 18:44:41.6287) ------- 
 Call Site: GH.Core.Services.AdminService.syncaccount
 Exception Type: 
 Exception Message: 
 Stack Trace: 
 Additional Info: Synced data: UpdateProfile
 Inner Exception: 
             
        ----------- Debug (2018-03-07 18:44:47.3344) ------- 
 Call Site: GH.Core.Services.AdminService.syncaccount
 Exception Type: 
 Exception Message: 
 Stack Trace: 
 Additional Info: Synced data: UpdateViewPreference
 Inner Exception: 
             
        ----------- Debug (2018-03-07 18:44:47.3554) ------- 
 Call Site: GH.Core.Services.AdminService.syncaccount
 Exception Type: 
 Exception Message: 
 Stack Trace: 
 Additional Info: Synced data: UpdateViewPreference
 Inner Exception: 
